<?xml version="1.0" encoding="UTF-8"?>
<testng-results ignored="0" total="1" passed="0" failed="1" skipped="0">
  <reporter-output>
  </reporter-output>
  <suite started-at="2024-07-09T03:56:50 CDT" name="Suite" finished-at="2024-07-09T03:58:21 CDT" duration-ms="91439">
    <groups>
    </groups>
    <test started-at="2024-07-09T03:56:50 CDT" name="Test" finished-at="2024-07-09T03:58:21 CDT" duration-ms="91439">
      <class name="com.wm.guidedflow.gflowtestcases.BrowserstackPercyTest">
        <test-method is-config="true" signature="setUp()[pri:0, instance:com.wm.guidedflow.gflowtestcases.BrowserstackPercyTest@515aebb0]" started-at="2024-07-09T03:56:50 CDT" name="setUp" finished-at="2024-07-09T03:56:56 CDT" duration-ms="6107" status="PASS">
          <reporter-output>
          </reporter-output>
        </test-method> <!-- setUp -->
        <test-method signature="blockNetworkRequestsValidation()[pri:0, instance:com.wm.guidedflow.gflowtestcases.BrowserstackPercyTest@515aebb0]" started-at="2024-07-09T03:56:56 CDT" name="blockNetworkRequestsValidation" finished-at="2024-07-09T03:58:21 CDT" duration-ms="84506" status="FAIL">
          <exception class="java.lang.ClassCastException">
            <message>
              <![CDATA[class org.openqa.selenium.remote.RemoteWebDriver$ByteBuddy$BQttEvwi$ByteBuddy$wcQy1PQP cannot be cast to class org.openqa.selenium.chrome.ChromeDriver (org.openqa.selenium.remote.RemoteWebDriver$ByteBuddy$BQttEvwi$ByteBuddy$wcQy1PQP is in unnamed module of loader net.bytebuddy.dynamic.loading.ByteArrayClassLoader @a2ddf26; org.openqa.selenium.chrome.ChromeDriver is in unnamed module of loader 'app')]]>
            </message>
            <full-stacktrace>
              <![CDATA[java.lang.ClassCastException: class org.openqa.selenium.remote.RemoteWebDriver$ByteBuddy$BQttEvwi$ByteBuddy$wcQy1PQP cannot be cast to class org.openqa.selenium.chrome.ChromeDriver (org.openqa.selenium.remote.RemoteWebDriver$ByteBuddy$BQttEvwi$ByteBuddy$wcQy1PQP is in unnamed module of loader net.bytebuddy.dynamic.loading.ByteArrayClassLoader @a2ddf26; org.openqa.selenium.chrome.ChromeDriver is in unnamed module of loader 'app')
at com.wm.guidedflow.gflowtestcases.BrowserstackPercyTest.blockAndUnblockNetworkUrl(BrowserstackPercyTest.java:105)
at com.wm.guidedflow.gflowtestcases.BrowserstackPercyTest.blockNetworkRequestsValidation(BrowserstackPercyTest.java:83)
at java.base/jdk.internal.reflect.DirectMethodHandleAccessor.invoke(DirectMethodHandleAccessor.java:103)
at java.base/java.lang.reflect.Method.invoke(Method.java:580)
at org.testng.internal.invokers.MethodInvocationHelper.invokeMethod(MethodInvocationHelper.java:141)
at org.testng.internal.invokers.TestInvoker.invokeMethod(TestInvoker.java:686)
at org.testng.internal.invokers.TestInvoker.invokeTestMethod(TestInvoker.java:230)
at org.testng.internal.invokers.MethodRunner.runInSequence(MethodRunner.java:63)
at org.testng.internal.invokers.TestInvoker$MethodInvocationAgent.invoke(TestInvoker.java:992)
at org.testng.internal.invokers.TestInvoker.invokeTestMethods(TestInvoker.java:203)
at org.testng.internal.invokers.TestMethodWorker.invokeTestMethods(TestMethodWorker.java:154)
at org.testng.internal.invokers.TestMethodWorker.run(TestMethodWorker.java:134)
at java.base/java.util.ArrayList.forEach(ArrayList.java:1597)
at org.testng.TestRunner.privateRun(TestRunner.java:739)
at org.testng.TestRunner.run(TestRunner.java:614)
at org.testng.SuiteRunner.runTest(SuiteRunner.java:421)
at org.testng.SuiteRunner.runSequentially(SuiteRunner.java:413)
at org.testng.SuiteRunner.privateRun(SuiteRunner.java:373)
at org.testng.SuiteRunner.run(SuiteRunner.java:312)
at org.testng.SuiteRunnerWorker.runSuite(SuiteRunnerWorker.java:52)
at org.testng.SuiteRunnerWorker.run(SuiteRunnerWorker.java:95)
at org.testng.TestNG.runSuitesSequentially(TestNG.java:1274)
at org.testng.TestNG.runSuitesLocally(TestNG.java:1208)
at org.testng.TestNG.runSuites(TestNG.java:1112)
at org.testng.TestNG.run(TestNG.java:1079)
at org.apache.maven.surefire.testng.TestNGExecutor.run(TestNGExecutor.java:308)
at org.apache.maven.surefire.testng.TestNGXmlTestSuite.execute(TestNGXmlTestSuite.java:71)
at org.apache.maven.surefire.testng.TestNGProvider.invoke(TestNGProvider.java:113)
at org.apache.maven.surefire.booter.ForkedBooter.runSuitesInProcess(ForkedBooter.java:385)
at org.apache.maven.surefire.booter.ForkedBooter.execute(ForkedBooter.java:162)
at org.apache.maven.surefire.booter.ForkedBooter.run(ForkedBooter.java:507)
at org.apache.maven.surefire.booter.ForkedBooter.main(ForkedBooter.java:495)
]]>
            </full-stacktrace>
          </exception> <!-- java.lang.ClassCastException -->
          <reporter-output>
          </reporter-output>
        </test-method> <!-- blockNetworkRequestsValidation -->
        <test-method is-config="true" signature="tearDown()[pri:0, instance:com.wm.guidedflow.gflowtestcases.BrowserstackPercyTest@515aebb0]" started-at="2024-07-09T03:58:21 CDT" name="tearDown" finished-at="2024-07-09T03:58:21 CDT" duration-ms="776" status="PASS">
          <reporter-output>
          </reporter-output>
        </test-method> <!-- tearDown -->
      </class> <!-- com.wm.guidedflow.gflowtestcases.BrowserstackPercyTest -->
    </test> <!-- Test -->
  </suite> <!-- Suite -->
</testng-results>
